c:\users\s162176\documents\visual studio 2015\projects\gamedevelopment\gamedevelopment\release\gamedevelopment.pch
c:\users\s162176\documents\visual studio 2015\projects\gamedevelopment\gamedevelopment\release\vc140.pdb
c:\users\s162176\documents\visual studio 2015\projects\gamedevelopment\gamedevelopment\release\pch.obj
c:\users\s162176\documents\visual studio 2015\projects\gamedevelopment\gamedevelopment\release\main.obj
c:\users\s162176\documents\visual studio 2015\projects\gamedevelopment\gamedevelopment\release\game.obj
c:\users\s162176\documents\visual studio 2015\projects\gamedevelopment\release\gamedevelopment.lib
c:\users\s162176\documents\visual studio 2015\projects\gamedevelopment\release\gamedevelopment.exp
c:\users\s162176\documents\visual studio 2015\projects\gamedevelopment\gamedevelopment\resources\cat.dds
c:\users\s162176\documents\visual studio 2015\projects\gamedevelopment\release\gamedevelopment.exe
c:\users\s162176\documents\visual studio 2015\projects\gamedevelopment\release\gamedevelopment.ipdb
c:\users\s162176\documents\visual studio 2015\projects\gamedevelopment\release\gamedevelopment.iobj
c:\users\s162176\documents\visual studio 2015\projects\gamedevelopment\release\gamedevelopment.pdb
c:\users\s162176\documents\visual studio 2015\projects\gamedevelopment\gamedevelopment\release\resource.res
c:\users\s162176\documents\visual studio 2015\projects\gamedevelopment\gamedevelopment\release\gamedevelopment.vcxprojresolveassemblyreference.cache
c:\users\s162176\documents\visual studio 2015\projects\gamedevelopment\gamedevelopment\release\gamedevelopment.tlog\cl.command.1.tlog
c:\users\s162176\documents\visual studio 2015\projects\gamedevelopment\gamedevelopment\release\gamedevelopment.tlog\cl.read.1.tlog
c:\users\s162176\documents\visual studio 2015\projects\gamedevelopment\gamedevelopment\release\gamedevelopment.tlog\cl.write.1.tlog
c:\users\s162176\documents\visual studio 2015\projects\gamedevelopment\gamedevelopment\release\gamedevelopment.tlog\gamedevelopment.write.1u.tlog
c:\users\s162176\documents\visual studio 2015\projects\gamedevelopment\gamedevelopment\release\gamedevelopment.tlog\imagecontenttask-vsgraphics.read.1.tlog
c:\users\s162176\documents\visual studio 2015\projects\gamedevelopment\gamedevelopment\release\gamedevelopment.tlog\imagecontenttask-vsgraphics.write.1.tlog
c:\users\s162176\documents\visual studio 2015\projects\gamedevelopment\gamedevelopment\release\gamedevelopment.tlog\link.command.1.tlog
c:\users\s162176\documents\visual studio 2015\projects\gamedevelopment\gamedevelopment\release\gamedevelopment.tlog\link.read.1.tlog
c:\users\s162176\documents\visual studio 2015\projects\gamedevelopment\gamedevelopment\release\gamedevelopment.tlog\link.write.1.tlog
c:\users\s162176\documents\visual studio 2015\projects\gamedevelopment\gamedevelopment\release\gamedevelopment.tlog\rc.7712.read.1.tlog
c:\users\s162176\documents\visual studio 2015\projects\gamedevelopment\gamedevelopment\release\gamedevelopment.tlog\rc.7712.write.1.tlog
c:\users\s162176\documents\visual studio 2015\projects\gamedevelopment\gamedevelopment\release\gamedevelopment.tlog\rc.command.1.tlog
c:\users\s162176\documents\visual studio 2015\projects\gamedevelopment\gamedevelopment\release\gamedevelopment.tlog\rc.read.1.tlog
c:\users\s162176\documents\visual studio 2015\projects\gamedevelopment\gamedevelopment\release\gamedevelopment.tlog\rc.write.1.tlog
